@2022-10-02 23:22:29: Missing {"hr-noRoot"} for en............ < Ln:167 in /var/www/saim.me/blob/master/components/contextmenu/class.contextmenu.php
@2022-10-02 23:22:29: Missing {"hr-folder"} for en............ < Ln:167 in /var/www/saim.me/blob/master/components/contextmenu/class.contextmenu.php
@2022-10-02 23:22:29: Missing {"hr-git-folder"} for en........ < Ln:167 in /var/www/saim.me/blob/master/components/contextmenu/class.contextmenu.php
@2022-10-02 23:22:29: Missing {"hr-git-file"} for en.......... < Ln:167 in /var/www/saim.me/blob/master/components/contextmenu/class.contextmenu.php
@2023-04-02 18:56:03: Missing {"hr-directory"} for en......... < Ln:167 in /var/www/saim.me/blob/master/components/contextmenu/class.contextmenu.php
@2023-04-02 18:56:03: Missing {"hr-noRoot"} for en............ < Ln:167 in /var/www/saim.me/blob/master/components/contextmenu/class.contextmenu.php
@2023-04-02 18:56:03: Missing {"hr-folder"} for en............ < Ln:167 in /var/www/saim.me/blob/master/components/contextmenu/class.contextmenu.php
@2023-04-02 18:56:03: Missing {"hr-git-folder"} for en........ < Ln:167 in /var/www/saim.me/blob/master/components/contextmenu/class.contextmenu.php
@2023-04-02 18:56:03: Missing {"hr-git-file"} for en.......... < Ln:167 in /var/www/saim.me/blob/master/components/contextmenu/class.contextmenu.php
@2023-04-02 19:14:44: Missing {"hr-directory"} for en......... < Ln:167 in /var/www/saim.me/blob/master/components/contextmenu/class.contextmenu.php
@2023-04-02 19:14:44: Missing {"hr-noRoot"} for en............ < Ln:167 in /var/www/saim.me/blob/master/components/contextmenu/class.contextmenu.php
@2023-04-02 19:14:44: Missing {"hr-folder"} for en............ < Ln:167 in /var/www/saim.me/blob/master/components/contextmenu/class.contextmenu.php
@2023-04-02 19:14:44: Missing {"hr-git-folder"} for en........ < Ln:167 in /var/www/saim.me/blob/master/components/contextmenu/class.contextmenu.php
@2023-04-02 19:14:44: Missing {"hr-git-file"} for en.......... < Ln:167 in /var/www/saim.me/blob/master/components/contextmenu/class.contextmenu.php
@2023-04-02 19:17:55: Missing {"hr-directory"} for en......... < Ln:167 in /var/www/saim.me/blob/master/components/contextmenu/class.contextmenu.php
@2023-04-02 19:17:55: Missing {"hr-noRoot"} for en............ < Ln:167 in /var/www/saim.me/blob/master/components/contextmenu/class.contextmenu.php
@2023-04-02 19:17:55: Missing {"hr-folder"} for en............ < Ln:167 in /var/www/saim.me/blob/master/components/contextmenu/class.contextmenu.php
@2023-04-02 19:17:55: Missing {"hr-git-folder"} for en........ < Ln:167 in /var/www/saim.me/blob/master/components/contextmenu/class.contextmenu.php
@2023-04-02 19:17:55: Missing {"hr-git-file"} for en.......... < Ln:167 in /var/www/saim.me/blob/master/components/contextmenu/class.contextmenu.php
@2023-04-02 20:07:26: Missing {"hr-directory"} for en......... < Ln:167 in /var/www/saim.me/blob/master/components/contextmenu/class.contextmenu.php
@2023-04-02 20:07:26: Missing {"hr-noRoot"} for en............ < Ln:167 in /var/www/saim.me/blob/master/components/contextmenu/class.contextmenu.php
@2023-04-02 20:07:26: Missing {"hr-folder"} for en............ < Ln:167 in /var/www/saim.me/blob/master/components/contextmenu/class.contextmenu.php
@2023-04-02 20:07:26: Missing {"hr-git-folder"} for en........ < Ln:167 in /var/www/saim.me/blob/master/components/contextmenu/class.contextmenu.php
@2023-04-02 20:07:26: Missing {"hr-git-file"} for en.......... < Ln:167 in /var/www/saim.me/blob/master/components/contextmenu/class.contextmenu.php
@2023-04-02 20:10:12: Missing {"hr-directory"} for en......... < Ln:167 in /var/www/saim.me/blob/master/components/contextmenu/class.contextmenu.php
@2023-04-02 20:10:12: Missing {"hr-noRoot"} for en............ < Ln:167 in /var/www/saim.me/blob/master/components/contextmenu/class.contextmenu.php
@2023-04-02 20:10:12: Missing {"hr-folder"} for en............ < Ln:167 in /var/www/saim.me/blob/master/components/contextmenu/class.contextmenu.php
@2023-04-02 20:10:12: Missing {"hr-git-folder"} for en........ < Ln:167 in /var/www/saim.me/blob/master/components/contextmenu/class.contextmenu.php
@2023-04-02 20:10:12: Missing {"hr-git-file"} for en.......... < Ln:167 in /var/www/saim.me/blob/master/components/contextmenu/class.contextmenu.php
@2023-04-02 20:15:19: Missing {"hr-directory"} for en......... < Ln:167 in /var/www/saim.me/blob/master/components/contextmenu/class.contextmenu.php
@2023-04-02 20:15:19: Missing {"hr-noRoot"} for en............ < Ln:167 in /var/www/saim.me/blob/master/components/contextmenu/class.contextmenu.php
@2023-04-02 20:15:19: Missing {"hr-folder"} for en............ < Ln:167 in /var/www/saim.me/blob/master/components/contextmenu/class.contextmenu.php
@2023-04-02 20:15:19: Missing {"hr-git-folder"} for en........ < Ln:167 in /var/www/saim.me/blob/master/components/contextmenu/class.contextmenu.php
@2023-04-02 20:15:19: Missing {"hr-git-file"} for en.......... < Ln:167 in /var/www/saim.me/blob/master/components/contextmenu/class.contextmenu.php
@2023-04-03 12:39:38: Missing {"hr-directory"} for en......... < Ln:167 in /var/www/saim.me/blob/master/components/contextmenu/class.contextmenu.php
@2023-04-03 12:39:38: Missing {"hr-noRoot"} for en............ < Ln:167 in /var/www/saim.me/blob/master/components/contextmenu/class.contextmenu.php
@2023-04-03 12:39:38: Missing {"hr-folder"} for en............ < Ln:167 in /var/www/saim.me/blob/master/components/contextmenu/class.contextmenu.php
@2023-04-03 12:39:38: Missing {"hr-git-folder"} for en........ < Ln:167 in /var/www/saim.me/blob/master/components/contextmenu/class.contextmenu.php
@2023-04-03 12:39:38: Missing {"hr-git-file"} for en.......... < Ln:167 in /var/www/saim.me/blob/master/components/contextmenu/class.contextmenu.php
@2023-04-03 12:40:09: Missing {"hr-directory"} for en......... < Ln:167 in /var/www/saim.me/blob/master/components/contextmenu/class.contextmenu.php
@2023-04-03 12:40:09: Missing {"hr-noRoot"} for en............ < Ln:167 in /var/www/saim.me/blob/master/components/contextmenu/class.contextmenu.php
@2023-04-03 12:40:09: Missing {"hr-folder"} for en............ < Ln:167 in /var/www/saim.me/blob/master/components/contextmenu/class.contextmenu.php
@2023-04-03 12:40:09: Missing {"hr-git-folder"} for en........ < Ln:167 in /var/www/saim.me/blob/master/components/contextmenu/class.contextmenu.php
@2023-04-03 12:40:09: Missing {"hr-git-file"} for en.......... < Ln:167 in /var/www/saim.me/blob/master/components/contextmenu/class.contextmenu.php
@2023-04-03 12:47:19: Missing {"hr-directory"} for en......... < Ln:167 in /var/www/saim.me/blob/master/components/contextmenu/class.contextmenu.php
@2023-04-03 12:47:19: Missing {"hr-noRoot"} for en............ < Ln:167 in /var/www/saim.me/blob/master/components/contextmenu/class.contextmenu.php
@2023-04-03 12:47:19: Missing {"hr-folder"} for en............ < Ln:167 in /var/www/saim.me/blob/master/components/contextmenu/class.contextmenu.php
@2023-04-03 12:47:19: Missing {"hr-git-folder"} for en........ < Ln:167 in /var/www/saim.me/blob/master/components/contextmenu/class.contextmenu.php
@2023-04-03 12:47:19: Missing {"hr-git-file"} for en.......... < Ln:167 in /var/www/saim.me/blob/master/components/contextmenu/class.contextmenu.php
@2024-06-29 11:48:55: Missing {"hr-directory"} for en......... < Ln:167 in /var/www/saim.me/blob/master/components/contextmenu/class.contextmenu.php
@2024-06-29 11:48:55: Missing {"hr-noRoot"} for en............ < Ln:167 in /var/www/saim.me/blob/master/components/contextmenu/class.contextmenu.php
@2024-06-29 11:48:55: Missing {"hr-folder"} for en............ < Ln:167 in /var/www/saim.me/blob/master/components/contextmenu/class.contextmenu.php
@2024-06-29 11:48:55: Missing {"hr-git-folder"} for en........ < Ln:167 in /var/www/saim.me/blob/master/components/contextmenu/class.contextmenu.php
@2024-06-29 11:48:55: Missing {"hr-git-file"} for en.......... < Ln:167 in /var/www/saim.me/blob/master/components/contextmenu/class.contextmenu.php
@2024-06-29 12:06:13: Missing {"hr-directory"} for en......... < Ln:167 in /var/www/saim.me/blob/master/components/contextmenu/class.contextmenu.php
@2024-06-29 12:06:13: Missing {"hr-noRoot"} for en............ < Ln:167 in /var/www/saim.me/blob/master/components/contextmenu/class.contextmenu.php
@2024-06-29 12:06:13: Missing {"hr-folder"} for en............ < Ln:167 in /var/www/saim.me/blob/master/components/contextmenu/class.contextmenu.php
@2024-06-29 12:06:13: Missing {"hr-git-folder"} for en........ < Ln:167 in /var/www/saim.me/blob/master/components/contextmenu/class.contextmenu.php
@2024-06-29 12:06:13: Missing {"hr-git-file"} for en.......... < Ln:167 in /var/www/saim.me/blob/master/components/contextmenu/class.contextmenu.php
@2024-06-29 12:16:19: Missing {"hr-directory"} for en......... < Ln:167 in /var/www/saim.me/blob/master/components/contextmenu/class.contextmenu.php
@2024-06-29 12:16:19: Missing {"hr-noRoot"} for en............ < Ln:167 in /var/www/saim.me/blob/master/components/contextmenu/class.contextmenu.php
@2024-06-29 12:16:19: Missing {"hr-folder"} for en............ < Ln:167 in /var/www/saim.me/blob/master/components/contextmenu/class.contextmenu.php
@2024-06-29 12:16:19: Missing {"hr-git-folder"} for en........ < Ln:167 in /var/www/saim.me/blob/master/components/contextmenu/class.contextmenu.php
@2024-06-29 12:16:19: Missing {"hr-git-file"} for en.......... < Ln:167 in /var/www/saim.me/blob/master/components/contextmenu/class.contextmenu.php
@2024-06-29 12:30:27: Missing {"hr-directory"} for en......... < Ln:167 in /var/www/saim.me/blob/master/components/contextmenu/class.contextmenu.php
@2024-06-29 12:30:27: Missing {"hr-noRoot"} for en............ < Ln:167 in /var/www/saim.me/blob/master/components/contextmenu/class.contextmenu.php
@2024-06-29 12:30:27: Missing {"hr-folder"} for en............ < Ln:167 in /var/www/saim.me/blob/master/components/contextmenu/class.contextmenu.php
@2024-06-29 12:30:27: Missing {"hr-git-folder"} for en........ < Ln:167 in /var/www/saim.me/blob/master/components/contextmenu/class.contextmenu.php
@2024-06-29 12:30:27: Missing {"hr-git-file"} for en.......... < Ln:167 in /var/www/saim.me/blob/master/components/contextmenu/class.contextmenu.php
@2024-07-01 22:08:21: Missing {"hr-directory"} for en......... < Ln:167 in /var/www/saim.me/blob/master/components/contextmenu/class.contextmenu.php
@2024-07-01 22:08:21: Missing {"hr-noRoot"} for en............ < Ln:167 in /var/www/saim.me/blob/master/components/contextmenu/class.contextmenu.php
@2024-07-01 22:08:21: Missing {"hr-folder"} for en............ < Ln:167 in /var/www/saim.me/blob/master/components/contextmenu/class.contextmenu.php
@2024-07-01 22:08:21: Missing {"hr-git-folder"} for en........ < Ln:167 in /var/www/saim.me/blob/master/components/contextmenu/class.contextmenu.php
@2024-07-01 22:08:21: Missing {"hr-git-file"} for en.......... < Ln:167 in /var/www/saim.me/blob/master/components/contextmenu/class.contextmenu.php
@2024-09-11 11:46:00: Missing {"hr-directory"} for en......... < Ln:167 in /var/www/saim.me/blob/master/components/contextmenu/class.contextmenu.php
@2024-09-11 11:46:00: Missing {"hr-noRoot"} for en............ < Ln:167 in /var/www/saim.me/blob/master/components/contextmenu/class.contextmenu.php
@2024-09-11 11:46:00: Missing {"hr-folder"} for en............ < Ln:167 in /var/www/saim.me/blob/master/components/contextmenu/class.contextmenu.php
@2024-09-11 11:46:00: Missing {"hr-git-folder"} for en........ < Ln:167 in /var/www/saim.me/blob/master/components/contextmenu/class.contextmenu.php
@2024-09-11 11:46:00: Missing {"hr-git-file"} for en.......... < Ln:167 in /var/www/saim.me/blob/master/components/contextmenu/class.contextmenu.php
@2024-09-11 11:46:34: Missing {"File"} for en................. < Ln:38 in /var/www/saim.me/blob/master/components/filemanager/dialog.php
@2024-09-11 11:46:37: Missing {"duplicated_file"} for en...... < Ln:93 in /var/www/saim.me/blob/master/components/filemanager/class.filemanager.php
@2024-09-25 16:10:52: Missing {"hr-directory"} for en......... < Ln:167 in /var/www/saim.me/blob/master/components/contextmenu/class.contextmenu.php
@2024-09-25 16:10:52: Missing {"hr-noRoot"} for en............ < Ln:167 in /var/www/saim.me/blob/master/components/contextmenu/class.contextmenu.php
@2024-09-25 16:10:52: Missing {"hr-folder"} for en............ < Ln:167 in /var/www/saim.me/blob/master/components/contextmenu/class.contextmenu.php
@2024-09-25 16:10:52: Missing {"hr-git-folder"} for en........ < Ln:167 in /var/www/saim.me/blob/master/components/contextmenu/class.contextmenu.php
@2024-09-25 16:10:52: Missing {"hr-git-file"} for en.......... < Ln:167 in /var/www/saim.me/blob/master/components/contextmenu/class.contextmenu.php
@2024-09-25 16:25:15: Missing {"hr-directory"} for en......... < Ln:167 in /var/www/saim.me/blob/master/components/contextmenu/class.contextmenu.php
@2024-09-25 16:25:15: Missing {"hr-noRoot"} for en............ < Ln:167 in /var/www/saim.me/blob/master/components/contextmenu/class.contextmenu.php
@2024-09-25 16:25:15: Missing {"hr-folder"} for en............ < Ln:167 in /var/www/saim.me/blob/master/components/contextmenu/class.contextmenu.php
@2024-09-25 16:25:15: Missing {"hr-git-folder"} for en........ < Ln:167 in /var/www/saim.me/blob/master/components/contextmenu/class.contextmenu.php
@2024-09-25 16:25:15: Missing {"hr-git-file"} for en.......... < Ln:167 in /var/www/saim.me/blob/master/components/contextmenu/class.contextmenu.php
@2024-09-25 16:49:37: Missing {"hr-directory"} for en......... < Ln:167 in /var/www/saim.me/blob/master/components/contextmenu/class.contextmenu.php
@2024-09-25 16:49:37: Missing {"hr-noRoot"} for en............ < Ln:167 in /var/www/saim.me/blob/master/components/contextmenu/class.contextmenu.php
@2024-09-25 16:49:37: Missing {"hr-folder"} for en............ < Ln:167 in /var/www/saim.me/blob/master/components/contextmenu/class.contextmenu.php
@2024-09-25 16:49:37: Missing {"hr-git-folder"} for en........ < Ln:167 in /var/www/saim.me/blob/master/components/contextmenu/class.contextmenu.php
@2024-09-25 16:49:37: Missing {"hr-git-file"} for en.......... < Ln:167 in /var/www/saim.me/blob/master/components/contextmenu/class.contextmenu.php
@2024-10-03 20:12:26: Missing {"hr-directory"} for en......... < Ln:167 in /var/www/saim.me/blob/master/components/contextmenu/class.contextmenu.php
@2024-10-03 20:12:26: Missing {"hr-noRoot"} for en............ < Ln:167 in /var/www/saim.me/blob/master/components/contextmenu/class.contextmenu.php
@2024-10-03 20:12:26: Missing {"hr-folder"} for en............ < Ln:167 in /var/www/saim.me/blob/master/components/contextmenu/class.contextmenu.php
@2024-10-03 20:12:26: Missing {"hr-git-folder"} for en........ < Ln:167 in /var/www/saim.me/blob/master/components/contextmenu/class.contextmenu.php
@2024-10-03 20:12:26: Missing {"hr-git-file"} for en.......... < Ln:167 in /var/www/saim.me/blob/master/components/contextmenu/class.contextmenu.php
